{
  "RSpec": {
    "coverage": {
      "/Users/hammads/Source/medijean/src/mjc/app/controllers/application_controller.rb": [
        1,
        1,
        null,
        1,
        null,
        1,
        null,
        1,
        29,
        null,
        null,
        1,
        1,
        1,
        0,
        null,
        1,
        null,
        null,
        null,
        null,
        null,
        null,
        1,
        0,
        0,
        0,
        0,
        0,
        null,
        0,
        null,
        null,
        null,
        null,
        null,
        null,
        null,
        null,
        1,
        1,
        1,
        null,
        0,
        null,
        null,
        null,
        null,
        1,
        0,
        0,
        0,
        null,
        null,
        null,
        1,
        29,
        null,
        null,
        1,
        1,
        null,
        null
      ],
      "/Users/hammads/Source/medijean/src/mjc/app/helpers/application_helper.rb": [
        1,
        null,
        null,
        null,
        1,
        0,
        null,
        null,
        1,
        0,
        0,
        0,
        null,
        null,
        null,
        null,
        1,
        0,
        0,
        0,
        0,
        null,
        null,
        null
      ],
      "/Users/hammads/Source/medijean/src/mjc/app/helpers/dashboard_helper.rb": [
        1,
        null
      ],
      "/Users/hammads/Source/medijean/src/mjc/app/helpers/home_helper.rb": [
        1,
        1,
        0,
        null,
        null,
        1,
        0,
        null,
        null,
        1,
        0,
        null,
        null,
        null
      ],
      "/Users/hammads/Source/medijean/src/mjc/app/helpers/knowledge_centre_helper.rb": [
        1,
        null
      ],
      "/Users/hammads/Source/medijean/src/mjc/app/helpers/payment_profiles_helper.rb": [
        1,
        null
      ],
      "/Users/hammads/Source/medijean/src/mjc/app/helpers/profiles_helper.rb": [
        1,
        null
      ],
      "/Users/hammads/Source/medijean/src/mjc/app/helpers/settings_helper.rb": [
        1,
        null
      ],
      "/Users/hammads/Source/medijean/src/mjc/app/models/admin_user.rb": [
        1,
        null,
        null,
        null,
        1,
        null,
        null,
        null,
        1,
        null,
        null,
        1,
        null,
        4,
        null,
        1,
        8,
        null,
        null,
        null,
        1,
        0,
        null,
        null,
        null,
        null,
        null,
        null,
        1,
        0,
        0,
        null,
        null,
        null
      ],
      "/Users/hammads/Source/medijean/src/mjc/app/models/user.rb": [
        null,
        null,
        1,
        1,
        null,
        null,
        null,
        1,
        null,
        null,
        null,
        1,
        1,
        null,
        null,
        null,
        1,
        1,
        1,
        1,
        null,
        1,
        1,
        1,
        1,
        1,
        null,
        1,
        null,
        1,
        null,
        1,
        1,
        null,
        1,
        null,
        null,
        1,
        null,
        null,
        1,
        32,
        null,
        null,
        null,
        null,
        null,
        null,
        1,
        0,
        0,
        null,
        null,
        1,
        0,
        null,
        null,
        1,
        1,
        null,
        1,
        1,
        null,
        null,
        1,
        null,
        null,
        1,
        5,
        5,
        null,
        null,
        null,
        null,
        null,
        1,
        1,
        1,
        null,
        null,
        1,
        null,
        null,
        1,
        0,
        0,
        0,
        null,
        null,
        null,
        1,
        66,
        66,
        66,
        null,
        null
      ],
      "/Users/hammads/Source/medijean/src/mjc/app/admin/addresses.rb": [
        1,
        null,
        1,
        0,
        0,
        0,
        0,
        0,
        0,
        0,
        0,
        null,
        null,
        1,
        0,
        0,
        0,
        0,
        0,
        0,
        0,
        null,
        0,
        null,
        null,
        1,
        1,
        0,
        0,
        0,
        0,
        null,
        null,
        1,
        null,
        1,
        0,
        0,
        0,
        null,
        null,
        1,
        0,
        null,
        null,
        null
      ],
      "/Users/hammads/Source/medijean/src/mjc/app/models/address.rb": [
        1,
        null,
        1,
        1,
        null,
        1,
        null,
        1,
        1,
        null,
        1,
        null,
        1,
        1,
        null,
        1,
        null,
        1,
        null,
        1,
        54,
        null,
        null,
        null,
        1,
        89,
        50,
        null,
        null,
        null,
        1,
        0,
        0,
        null,
        null,
        1,
        0,
        0,
        null,
        null,
        1,
        0,
        0,
        0,
        0,
        0,
        0,
        0,
        null,
        null,
        1,
        1,
        99,
        99,
        null,
        null,
        1,
        66,
        null,
        null,
        null
      ],
      "/Users/hammads/Source/medijean/src/mjc/app/admin/admin_user.rb": [
        1,
        1,
        0,
        0,
        0,
        0,
        0,
        null,
        null,
        1,
        null,
        1,
        0,
        0,
        0,
        null,
        0,
        null,
        null
      ],
      "/Users/hammads/Source/medijean/src/mjc/app/admin/countries.rb": [
        1,
        null,
        null
      ],
      "/Users/hammads/Source/medijean/src/mjc/app/models/country.rb": [
        1,
        1,
        null,
        1,
        null,
        1,
        null
      ],
      "/Users/hammads/Source/medijean/src/mjc/app/admin/dashboard.rb": [
        1,
        null,
        1,
        null,
        1,
        null,
        0,
        0,
        null,
        0,
        0,
        null,
        null,
        0,
        0,
        0,
        null,
        0,
        0,
        0,
        0,
        0,
        0,
        null,
        0,
        0,
        0,
        null,
        0,
        null,
        null,
        null,
        0,
        0,
        0,
        0,
        null,
        null,
        null,
        null,
        null
      ],
      "/Users/hammads/Source/medijean/src/mjc/app/admin/doctors.rb": [
        1,
        null,
        1,
        0,
        0,
        0,
        0,
        0,
        0,
        0,
        null,
        0,
        null,
        null,
        1,
        0,
        0,
        0,
        0,
        0,
        0,
        0,
        0,
        0,
        0,
        0,
        0,
        0,
        0,
        null,
        null,
        0,
        null,
        null,
        1,
        0,
        0,
        0,
        0,
        0,
        0,
        null,
        0,
        null,
        null,
        1,
        1,
        0,
        0,
        0,
        0,
        null,
        null,
        1,
        null,
        1,
        0,
        0,
        0,
        null,
        null,
        1,
        0,
        null,
        null,
        null
      ],
      "/Users/hammads/Source/medijean/src/mjc/app/models/doctor.rb": [
        null,
        1,
        1,
        null,
        1,
        1,
        null,
        1,
        null,
        1,
        1,
        1,
        null,
        1,
        1,
        null,
        1,
        1,
        null,
        1,
        null,
        1,
        null,
        null,
        null,
        1,
        0,
        0,
        null,
        null,
        1,
        50,
        null,
        null,
        1,
        2,
        2,
        2,
        2,
        null,
        null,
        1,
        0,
        0,
        null,
        null,
        1,
        96,
        null,
        null,
        1,
        1,
        0,
        0,
        0,
        0,
        null,
        null,
        null,
        null,
        1,
        5,
        null,
        null,
        1,
        null,
        1,
        1,
        null,
        98,
        null,
        null
      ],
      "/Users/hammads/Source/medijean/src/mjc/app/admin/history.rb": [
        1,
        null,
        1,
        0,
        0,
        0,
        null,
        0,
        0,
        0,
        null,
        0,
        0,
        0,
        0,
        0,
        0,
        null,
        0,
        0,
        0,
        null,
        0,
        null,
        null,
        null,
        0,
        0,
        0,
        0,
        null,
        null,
        null,
        null
      ],
      "/Users/hammads/Source/medijean/src/mjc/app/admin/kc_pages.rb": [
        1,
        null,
        1,
        0,
        0,
        0,
        0,
        0,
        0,
        null,
        0,
        null,
        null,
        null
      ],
      "/Users/hammads/Source/medijean/src/mjc/app/models/kc_page.rb": [
        null,
        1,
        1,
        null,
        1,
        null,
        1,
        null,
        null,
        1,
        1,
        9,
        9,
        9,
        null,
        null
      ],
      "/Users/hammads/Source/medijean/src/mjc/app/admin/medicines.rb": [
        1,
        null,
        1,
        1,
        0,
        0,
        0,
        0,
        null,
        null,
        null,
        1,
        null,
        1,
        0,
        0,
        0,
        null,
        null,
        1,
        0,
        null,
        null,
        null
      ],
      "/Users/hammads/Source/medijean/src/mjc/app/models/medicine.rb": [
        1,
        1,
        1,
        null,
        1,
        null,
        1,
        null,
        1,
        0,
        null,
        null,
        1,
        null,
        1,
        1,
        23,
        null,
        null
      ],
      "/Users/hammads/Source/medijean/src/mjc/app/admin/orders.rb": [
        1,
        5,
        1,
        1,
        null,
        null,
        1,
        0,
        0,
        0,
        0,
        0,
        0,
        0,
        null,
        null,
        1,
        0,
        null,
        0,
        0,
        null,
        0,
        0,
        0,
        0,
        0,
        0,
        0,
        0,
        0,
        0,
        null,
        0,
        null,
        null,
        1,
        1,
        0,
        0,
        0,
        0,
        null,
        1,
        0,
        0,
        null,
        0,
        null,
        null,
        null,
        0,
        null,
        0,
        null,
        0,
        null,
        0,
        0,
        null,
        null,
        null,
        null,
        null,
        1,
        1,
        null,
        1,
        0,
        0,
        0,
        null,
        null,
        1,
        0,
        null,
        null,
        1,
        0,
        0,
        0,
        null,
        0,
        0,
        null,
        0,
        null,
        0,
        null,
        null,
        1,
        0,
        0,
        0,
        null,
        null,
        null
      ],
      "/Users/hammads/Source/medijean/src/mjc/app/models/order.rb": [
        null,
        1,
        1,
        1,
        1,
        null,
        1,
        1,
        1,
        null,
        null,
        null,
        1,
        1,
        1,
        1,
        null,
        1,
        1,
        null,
        1,
        1,
        null,
        1,
        1,
        1,
        1,
        null,
        1,
        0,
        null,
        1,
        11,
        null,
        null,
        1,
        1,
        11,
        11,
        11,
        null,
        null,
        1,
        11,
        1,
        1,
        null,
        null,
        null,
        1,
        11,
        11,
        null,
        null,
        null
      ],
      "/Users/hammads/Source/medijean/src/mjc/app/admin/prescriptions.rb": [
        1,
        1,
        0,
        0,
        0,
        0,
        0,
        0,
        0,
        0,
        0,
        0,
        0,
        null,
        0,
        null,
        null,
        1,
        0,
        0,
        0,
        null,
        0,
        0,
        0,
        0,
        0,
        0,
        0,
        0,
        0,
        0,
        0,
        0,
        0,
        null,
        0,
        null,
        null,
        1,
        0,
        null,
        0,
        0,
        null,
        0,
        0,
        0,
        0,
        0,
        0,
        0,
        0,
        0,
        0,
        0,
        0,
        null,
        0,
        null,
        null,
        1,
        1,
        0,
        0,
        0,
        0,
        null,
        null,
        1,
        null,
        1,
        0,
        0,
        0,
        null,
        null,
        1,
        0,
        0,
        0,
        0,
        null,
        0,
        null,
        0,
        null,
        null,
        1,
        0,
        null,
        0,
        0,
        null,
        null,
        null,
        1,
        0,
        null,
        null,
        null
      ],
      "/Users/hammads/Source/medijean/src/mjc/app/models/prescription.rb": [
        1,
        1,
        1,
        null,
        1,
        1,
        null,
        null,
        1,
        1,
        1,
        1,
        null,
        null,
        null,
        1,
        1,
        null,
        1,
        null,
        1,
        null,
        1,
        1,
        1,
        1,
        1,
        null,
        1,
        null,
        1,
        1,
        1,
        1,
        null,
        1,
        0,
        null,
        null,
        1,
        null,
        null,
        null,
        null,
        1,
        1,
        1,
        1,
        1,
        1,
        null,
        null,
        1,
        5,
        63,
        null,
        null,
        null,
        1,
        0,
        0,
        null,
        null,
        1,
        1,
        null,
        null,
        1,
        0,
        0,
        null,
        null,
        null
      ],
      "/Users/hammads/Source/medijean/src/mjc/app/admin/profiles.rb": [
        1,
        1,
        1,
        0,
        0,
        0,
        0,
        null,
        null,
        1,
        null,
        1,
        0,
        0,
        0,
        null,
        null,
        1,
        0,
        null,
        null,
        null
      ],
      "/Users/hammads/Source/medijean/src/mjc/app/models/profile.rb": [
        null,
        1,
        1,
        1,
        null,
        1,
        null,
        1,
        null,
        1,
        null,
        1,
        null,
        1,
        1,
        null,
        1,
        2,
        null,
        null,
        1,
        0,
        null,
        null,
        null
      ],
      "/Users/hammads/Source/medijean/src/mjc/app/admin/roles.rb": [
        1,
        null,
        null
      ],
      "/Users/hammads/Source/medijean/src/mjc/app/models/role.rb": [
        1,
        1,
        1,
        null,
        1,
        null,
        1,
        null,
        1,
        null,
        1,
        0,
        null,
        null
      ],
      "/Users/hammads/Source/medijean/src/mjc/app/admin/users.rb": [
        1,
        null,
        1,
        0,
        0,
        0,
        null,
        null,
        1,
        0,
        0,
        0,
        null,
        0,
        0,
        0,
        null,
        null,
        0,
        null,
        null,
        1,
        1,
        0,
        0,
        0,
        0,
        null,
        null,
        null,
        1,
        null,
        1,
        0,
        0,
        0,
        null,
        null,
        1,
        1,
        1,
        1,
        1,
        null,
        null,
        1,
        1,
        1,
        1,
        1,
        null,
        null,
        null,
        1,
        0,
        null,
        null,
        1,
        0,
        null,
        0,
        0,
        null,
        0,
        null,
        null,
        null,
        null
      ],
      "/Users/hammads/Source/medijean/src/mjc/app/models/ckeditor/attachment_file.rb": [
        1,
        1,
        null,
        null,
        null,
        1,
        1,
        null,
        1,
        0,
        null,
        null
      ],
      "/Users/hammads/Source/medijean/src/mjc/app/models/ckeditor/asset.rb": [
        1,
        1,
        1,
        null
      ],
      "/Users/hammads/Source/medijean/src/mjc/app/models/ckeditor/picture.rb": [
        1,
        1,
        null,
        null,
        null,
        null,
        1,
        1,
        null,
        1,
        0,
        null,
        null
      ],
      "/Users/hammads/Source/medijean/src/mjc/app/controllers/dashboard_controller.rb": [
        1,
        1,
        null,
        null
      ],
      "/Users/hammads/Source/medijean/src/mjc/app/controllers/doctor_patients_controller.rb": [
        1,
        1,
        1,
        null,
        1,
        1,
        null,
        1,
        0,
        null,
        null,
        1,
        0,
        0,
        0,
        0,
        null,
        0,
        null,
        null,
        null
      ],
      "/Users/hammads/Source/medijean/src/mjc/app/models/doctor_patient.rb": [
        null,
        null,
        null,
        null,
        null,
        1,
        1,
        null,
        1,
        null,
        1,
        1,
        1,
        null,
        1,
        1,
        1,
        1,
        null,
        1,
        null,
        1,
        null,
        1,
        null,
        null,
        null,
        1,
        0,
        0,
        null,
        null,
        1,
        22,
        null,
        null,
        1,
        21,
        null,
        null,
        null,
        1,
        0,
        null,
        null,
        null,
        1,
        0,
        null,
        null,
        null,
        1,
        1,
        1,
        1,
        1,
        null,
        null,
        null,
        1,
        1,
        21,
        null,
        null
      ],
      "/Users/hammads/Source/medijean/src/mjc/app/controllers/doctors/prescriptions_controller.rb": [
        1,
        1,
        1,
        null,
        1,
        null,
        1,
        1,
        null,
        null,
        1,
        1,
        1,
        1,
        null,
        0,
        null,
        null,
        null,
        1,
        1,
        null,
        null
      ],
      "/Users/hammads/Source/medijean/src/mjc/app/controllers/doctors/profiles_controller.rb": [
        1,
        1,
        1,
        null,
        1,
        1,
        1,
        null,
        null
      ],
      "/Users/hammads/Source/medijean/src/mjc/app/controllers/doctors_controller.rb": [
        1,
        1,
        1,
        null,
        1,
        1,
        1,
        null,
        1,
        1,
        null,
        null,
        1,
        0,
        0,
        0,
        null,
        null,
        null,
        0,
        0,
        null,
        null,
        null,
        null,
        1,
        null,
        null,
        null,
        1,
        null,
        null,
        null,
        1,
        0,
        null,
        0,
        0,
        null,
        null,
        null,
        0,
        0,
        null,
        null,
        null,
        null,
        null,
        1,
        null,
        null,
        null,
        null,
        1,
        0,
        null,
        null,
        null,
        1,
        null,
        null,
        1,
        null,
        null,
        1,
        2,
        2,
        1,
        null,
        1,
        null,
        null,
        null,
        1,
        0,
        0,
        null,
        0,
        null,
        null,
        1,
        3,
        3,
        null,
        3,
        3,
        3,
        3,
        3,
        null,
        null,
        3,
        2,
        2,
        null,
        1,
        1,
        1,
        null,
        null,
        null,
        1,
        null,
        1,
        5,
        5,
        null,
        null
      ],
      "/Users/hammads/Source/medijean/src/mjc/app/controllers/home_controller.rb": [
        null,
        null,
        1,
        null,
        null,
        null,
        null,
        null,
        1,
        2,
        2,
        null,
        null,
        1,
        null,
        null
      ],
      "/Users/hammads/Source/medijean/src/mjc/app/controllers/knowledge_centre_controller.rb": [
        1,
        1,
        null,
        null,
        null,
        null,
        null,
        null,
        null,
        1,
        0,
        0,
        0,
        null,
        0,
        null,
        null,
        0,
        0,
        null,
        0,
        null,
        0,
        0,
        0,
        null,
        null,
        null
      ],
      "/Users/hammads/Source/medijean/src/mjc/app/controllers/notifications_controller.rb": [
        1,
        1,
        null,
        null,
        1,
        0,
        null,
        null,
        null
      ],
      "/Users/hammads/Source/medijean/src/mjc/app/models/notification.rb": [
        null,
        null,
        null,
        null,
        null,
        1,
        1,
        null,
        1,
        null,
        1,
        1,
        1,
        null,
        1,
        1,
        null,
        1,
        null,
        1,
        1,
        71,
        69,
        71,
        null,
        69,
        2,
        null,
        null,
        null,
        null,
        1,
        71,
        null,
        null,
        null
      ],
      "/Users/hammads/Source/medijean/src/mjc/app/controllers/orders_controller.rb": [
        1,
        1,
        null,
        1,
        null,
        null,
        null,
        1,
        null,
        0,
        null,
        null,
        null,
        null,
        null,
        null,
        1,
        null,
        0,
        0,
        0,
        0,
        0,
        0,
        0,
        null,
        null,
        null,
        null,
        null,
        1,
        null,
        null,
        null,
        1,
        0,
        0,
        0,
        0,
        0,
        0,
        0,
        0,
        null,
        0,
        null,
        0,
        0,
        0,
        0,
        0,
        0,
        0,
        0,
        null,
        0,
        0,
        0,
        0,
        null,
        0,
        null,
        0,
        null,
        0,
        0,
        0,
        0,
        0,
        0,
        null,
        null,
        0,
        0,
        0,
        0,
        null,
        null,
        null,
        null,
        null
      ],
      "/Users/hammads/Source/medijean/src/mjc/app/controllers/payment_profiles_controller.rb": [
        1,
        null,
        1,
        null,
        null,
        null,
        null,
        null,
        null,
        1,
        2,
        null,
        null,
        null,
        null,
        null,
        null,
        null,
        1,
        1,
        1,
        1,
        1,
        1,
        null,
        0,
        null,
        null,
        null,
        null,
        null,
        null,
        null,
        null,
        null,
        1,
        0,
        0,
        0,
        0,
        null,
        0,
        0,
        0,
        null,
        0,
        0,
        0,
        0,
        null,
        0,
        0,
        0,
        null,
        null,
        null,
        null,
        null,
        null,
        null,
        null,
        null,
        null,
        1,
        0,
        0,
        0,
        0,
        0,
        0,
        null,
        0,
        0,
        0,
        0,
        null,
        0,
        0,
        0,
        null,
        null,
        null,
        null
      ],
      "/Users/hammads/Source/medijean/src/mjc/app/models/payment_profile.rb": [
        null,
        null,
        null,
        null,
        null,
        1,
        1,
        null,
        1,
        1,
        1,
        null,
        1,
        null,
        1,
        1,
        12,
        null,
        null,
        null
      ],
      "/Users/hammads/Source/medijean/src/mjc/app/controllers/prescriptions_controller.rb": [
        1,
        1,
        1,
        null,
        null,
        null,
        1,
        0,
        0,
        null,
        null,
        null,
        null,
        1,
        0,
        null,
        null,
        null,
        null,
        null,
        1,
        0,
        0,
        0,
        0,
        0,
        0,
        0,
        0,
        0,
        null,
        0,
        0,
        0,
        0,
        null,
        null,
        null,
        null,
        null,
        1,
        null,
        null,
        1,
        null,
        null,
        1,
        null,
        null,
        null,
        1,
        null,
        null,
        null,
        null,
        1,
        0,
        null,
        null,
        1,
        0,
        null,
        null,
        null
      ],
      "/Users/hammads/Source/medijean/src/mjc/app/controllers/profiles_controller.rb": [
        1,
        null,
        1,
        null,
        null,
        null,
        null,
        null,
        1,
        0,
        0,
        0,
        0,
        null,
        0,
        null,
        0,
        0,
        null,
        0,
        null,
        null,
        null,
        null,
        null,
        null,
        null,
        1,
        0,
        0,
        0,
        0,
        null,
        0,
        0,
        0,
        0,
        0,
        null,
        0,
        null,
        0,
        null,
        null,
        null,
        null,
        null,
        null,
        null,
        1,
        0,
        0,
        0,
        0,
        0,
        null,
        0,
        null,
        null,
        null
      ],
      "/Users/hammads/Source/medijean/src/mjc/app/controllers/settings_controller.rb": [
        1,
        1,
        null,
        null,
        null,
        null,
        null,
        null,
        null,
        null,
        1,
        0,
        0,
        0,
        0,
        0,
        0,
        0,
        0,
        0,
        0,
        null,
        null,
        null,
        null,
        null,
        null,
        null,
        null,
        null,
        1,
        1,
        1,
        0,
        null,
        1,
        null,
        null,
        null,
        null,
        null,
        null,
        null,
        1,
        1,
        1,
        0,
        0,
        0,
        null,
        1,
        null,
        null,
        null,
        null,
        null,
        null,
        null,
        1,
        1,
        1,
        null,
        null
      ],
      "/Users/hammads/Source/medijean/src/mjc/app/controllers/users/confirmations_controller.rb": [
        1,
        null,
        1,
        null,
        1,
        0,
        0,
        null,
        null,
        null
      ],
      "/Users/hammads/Source/medijean/src/mjc/app/controllers/users/invitation_registrations_controller.rb": [
        1,
        null,
        1,
        4,
        4,
        3,
        3,
        null,
        1,
        null,
        null,
        null
      ],
      "/Users/hammads/Source/medijean/src/mjc/app/controllers/users/registrations_controller.rb": [
        null,
        1,
        1,
        1,
        null,
        null,
        1,
        1,
        null,
        1,
        1,
        null,
        1,
        1,
        1,
        0,
        0,
        0,
        null,
        1,
        1,
        1,
        null,
        null,
        0,
        0,
        null,
        null,
        null,
        null,
        1,
        0,
        null,
        0,
        null,
        null,
        null,
        null,
        null,
        1,
        1,
        1,
        1,
        1,
        1,
        null,
        null,
        null,
        null,
        null,
        null,
        null,
        1,
        1,
        1,
        1,
        null,
        1,
        1,
        2,
        1,
        null,
        null,
        0,
        null,
        null,
        1,
        null,
        0,
        0,
        0,
        null,
        null,
        0,
        null,
        null,
        0,
        null,
        null,
        null,
        null,
        1,
        null,
        null,
        null,
        null,
        1,
        null,
        null,
        null,
        1,
        0,
        null,
        null,
        1,
        null,
        null,
        null,
        1,
        1,
        0,
        1,
        0,
        null,
        1,
        null,
        null,
        null,
        null,
        null,
        1,
        1,
        1,
        0,
        0,
        0,
        0,
        0,
        0,
        0,
        null,
        1,
        0,
        null,
        null,
        null
      ],
      "/Users/hammads/Source/medijean/src/mjc/app/controllers/users_controller.rb": [
        1,
        1,
        1,
        null,
        1,
        null,
        null,
        1,
        0,
        0,
        0,
        null,
        null
      ],
      "/Users/hammads/Source/medijean/src/mjc/app/jobs/expire_credit_reminder_job.rb": [
        1,
        1,
        null,
        1,
        0,
        0,
        0,
        0,
        0,
        null,
        null,
        1,
        1,
        1,
        1,
        1,
        1,
        1,
        1,
        null,
        0,
        null,
        null,
        null,
        null,
        null,
        null,
        null
      ],
      "/Users/hammads/Source/medijean/src/mjc/app/jobs/expire_reminder_job.rb": [
        1,
        1,
        null,
        1,
        0,
        0,
        0,
        0,
        0,
        null,
        null,
        1,
        2,
        2,
        2,
        1,
        1,
        null,
        null,
        null,
        null,
        null,
        null,
        null
      ],
      "/Users/hammads/Source/medijean/src/mjc/app/jobs/prescription_waiting_reminder_job.rb": [
        1,
        1,
        null,
        1,
        0,
        0,
        0,
        0,
        0,
        null,
        null,
        null,
        null,
        null
      ],
      "/Users/hammads/Source/medijean/src/mjc/app/jobs/refill_reminder_job.rb": [
        1,
        1,
        null,
        1,
        0,
        0,
        0,
        0,
        0,
        null,
        null,
        1,
        2,
        2,
        1,
        1,
        1,
        1,
        null,
        null,
        null,
        null,
        null,
        null,
        null,
        null
      ],
      "/Users/hammads/Source/medijean/src/mjc/app/mailers/invitations_mailer.rb": [
        1,
        1,
        null,
        1,
        1,
        1,
        1,
        1,
        null,
        null,
        null
      ],
      "/Users/hammads/Source/medijean/src/mjc/app/mailers/user_mailer.rb": [
        1,
        1,
        null,
        1,
        5,
        null,
        null,
        null,
        5,
        null,
        null,
        null,
        1,
        5,
        null,
        null,
        null,
        5,
        null,
        null,
        null,
        1,
        0,
        0,
        null,
        null,
        null,
        0,
        null,
        null,
        null,
        1,
        6,
        null,
        null,
        null,
        6,
        null,
        null,
        null,
        1,
        5,
        null,
        null,
        null,
        5,
        null,
        null,
        null,
        1,
        0,
        null,
        null,
        null,
        0,
        null,
        null,
        null,
        1,
        0,
        null,
        null,
        null,
        0,
        null,
        null,
        null,
        null
      ],
      "/Users/hammads/Source/medijean/src/mjc/app/models/ability.rb": [
        null,
        null,
        1,
        1,
        null,
        null,
        1,
        null,
        null,
        null,
        null,
        null,
        null,
        null,
        null,
        null,
        null,
        null,
        null,
        null,
        null,
        null,
        null,
        null,
        null,
        null,
        null,
        null,
        null,
        null,
        null,
        null,
        null,
        null,
        5,
        5,
        null,
        5,
        null,
        5,
        0,
        5,
        0,
        5,
        0,
        5,
        0,
        5,
        0,
        5,
        4,
        1,
        0,
        null,
        null,
        null,
        1,
        0,
        null,
        null,
        1,
        0,
        null,
        null,
        1,
        0,
        null,
        null,
        1,
        0,
        null,
        null,
        1,
        0,
        0,
        0,
        null,
        null,
        1,
        4,
        4,
        4,
        4,
        4,
        0,
        null,
        null,
        4,
        3,
        null,
        4,
        4,
        null,
        null,
        1,
        null,
        null,
        1,
        4,
        4,
        null,
        null
      ],
      "/Users/hammads/Source/medijean/src/mjc/app/models/clinic.rb": [
        1,
        null,
        1,
        1,
        null,
        1,
        null,
        1,
        null,
        1,
        null,
        1,
        3,
        3,
        3,
        null,
        0,
        null,
        null
      ],
      "/Users/hammads/Source/medijean/src/mjc/app/models/doctor_claim.rb": [
        null,
        1,
        1,
        null,
        1,
        null,
        1,
        1,
        null,
        1,
        null,
        1,
        null,
        1,
        1,
        6,
        null,
        null
      ],
      "/Users/hammads/Source/medijean/src/mjc/app/models/dosage.rb": [
        1,
        1,
        1,
        null,
        1,
        null,
        1,
        null,
        1,
        0,
        null,
        null
      ],
      "/Users/hammads/Source/medijean/src/mjc/app/models/line_item.rb": [
        1,
        1,
        null,
        1,
        null,
        1,
        null,
        1,
        1,
        null,
        1,
        null,
        1,
        1,
        16,
        16,
        null,
        null
      ],
      "/Users/hammads/Source/medijean/src/mjc/app/models/notification_settings.rb": [
        null,
        null,
        null,
        null,
        null,
        null,
        null,
        null,
        null,
        null,
        null,
        null,
        null,
        null,
        1,
        1,
        1,
        null,
        1,
        null
      ],
      "/Users/hammads/Source/medijean/src/mjc/app/models/payment.rb": [
        null,
        null,
        null,
        null,
        1,
        1,
        null,
        1,
        null,
        1,
        null,
        1,
        1,
        null,
        1,
        4,
        null,
        null
      ],
      "/Users/hammads/Source/medijean/src/mjc/app/validators/canadian_postal_code_validator.rb": [
        1,
        1,
        null,
        1,
        0,
        null,
        null,
        1,
        0,
        0,
        null,
        null,
        null
      ],
      "/Users/hammads/Source/medijean/src/mjc/db/seeds.rb": [
        null,
        null,
        null,
        null,
        null,
        null,
        null,
        null,
        1,
        null,
        1,
        null,
        null,
        null,
        null,
        null,
        1,
        null,
        1,
        null,
        1,
        1,
        1,
        null,
        1,
        1,
        1,
        1,
        null,
        1,
        1,
        1,
        1,
        null,
        1,
        1,
        1,
        1,
        null,
        null,
        null,
        1,
        0,
        null,
        1,
        null,
        null,
        null,
        null,
        null,
        null,
        null,
        null,
        null,
        null,
        null,
        null,
        null,
        null,
        null,
        1,
        null,
        null,
        null,
        null,
        null,
        null,
        null,
        null,
        null,
        null,
        null,
        null,
        null,
        null,
        null,
        null,
        null,
        null,
        null,
        null,
        null,
        null,
        null,
        null,
        null,
        null,
        null,
        null,
        null,
        null,
        null,
        null,
        null,
        null,
        null,
        1,
        null,
        null,
        null,
        null,
        null,
        null,
        null,
        null,
        null,
        null,
        null,
        null,
        null,
        null,
        null,
        null,
        null,
        null,
        null,
        null,
        null,
        null,
        null,
        null,
        null,
        1,
        null,
        null,
        null,
        null,
        null,
        null,
        null,
        null,
        null,
        null,
        null,
        null,
        null,
        null,
        null,
        null,
        null,
        null,
        null,
        null,
        null,
        null,
        null,
        null,
        null,
        1,
        null,
        null,
        null,
        null,
        null,
        null,
        null,
        null,
        null,
        null,
        null,
        null,
        null,
        null,
        null,
        null,
        null
      ],
      "/Users/hammads/Source/medijean/src/mjc/db/seeds/doctors.rb": [
        1,
        null,
        null,
        null,
        null,
        null,
        null,
        null,
        1,
        null,
        null,
        null,
        null,
        null,
        null,
        null,
        null,
        1,
        null,
        null,
        null,
        null,
        null,
        null,
        null,
        null,
        null,
        null,
        1,
        null,
        null,
        null,
        null,
        null,
        null,
        null,
        null,
        null,
        1,
        null,
        null,
        null,
        null,
        null,
        null,
        null,
        1,
        null,
        null,
        null,
        null,
        null,
        null,
        null,
        1,
        null,
        null,
        null,
        null,
        null,
        null,
        null,
        null,
        1,
        null,
        null,
        null,
        null,
        null,
        null,
        null,
        null,
        null,
        null,
        null,
        null,
        null,
        null,
        1,
        null,
        null,
        null,
        null,
        null,
        null,
        null,
        1,
        null,
        null,
        null,
        null,
        null,
        null,
        null,
        null,
        1,
        null,
        null,
        null,
        null,
        null,
        null,
        null,
        null,
        null,
        null,
        null,
        null,
        null,
        1,
        null,
        null,
        null,
        null,
        null,
        null,
        null,
        null,
        null,
        null,
        null,
        null,
        null,
        1,
        null,
        null,
        null,
        null,
        null,
        null,
        null,
        null,
        null,
        null,
        null,
        null,
        1,
        null,
        null,
        null,
        null,
        null,
        null,
        null,
        1,
        null,
        null,
        null,
        null,
        null,
        null,
        null,
        null,
        null,
        null,
        null,
        null,
        null,
        1,
        null,
        null,
        null,
        null,
        null,
        null,
        null,
        null,
        null,
        null,
        null,
        1,
        null,
        null,
        null,
        null,
        null,
        null,
        null,
        null,
        null,
        null,
        null,
        1,
        null,
        null,
        null,
        null,
        null,
        null,
        null,
        null,
        null,
        null,
        1,
        null,
        null,
        null,
        null,
        null,
        null,
        null,
        null,
        null,
        null,
        1,
        null,
        null,
        null,
        null,
        null,
        null,
        null,
        null,
        null,
        null,
        null,
        null,
        1,
        null,
        null,
        null,
        null,
        null,
        null,
        null,
        null,
        null,
        null,
        null,
        1,
        null,
        null,
        null,
        null,
        null,
        null,
        null,
        null,
        null,
        null,
        1,
        null,
        null,
        null,
        null,
        null,
        null,
        null,
        null,
        null,
        null,
        1,
        null,
        null,
        null,
        null,
        null,
        null,
        null,
        null,
        null,
        null,
        1,
        null,
        null,
        null,
        null,
        null,
        null,
        null,
        null,
        null,
        null,
        null,
        1,
        null,
        null,
        null,
        null,
        null,
        null,
        null,
        null,
        null,
        null,
        null,
        1,
        null,
        null,
        null,
        null,
        null,
        null,
        null,
        null,
        null,
        1,
        null,
        null,
        null,
        null,
        null,
        null,
        null,
        null,
        1,
        null,
        null,
        null,
        null,
        null,
        null,
        null,
        null,
        1,
        null,
        null,
        null,
        null,
        null,
        null,
        null,
        null,
        null,
        1,
        null,
        null,
        null,
        null,
        null,
        null,
        null,
        1,
        null,
        null,
        null,
        null,
        null,
        null,
        null,
        null,
        null,
        1,
        null,
        null,
        null,
        null,
        null,
        null,
        null,
        1,
        null,
        null,
        null,
        null,
        null,
        null,
        null,
        null,
        1,
        null,
        null,
        null,
        null,
        null,
        null,
        null,
        null,
        null,
        1,
        null,
        null,
        null,
        null,
        null,
        null,
        null,
        1,
        null,
        null,
        null,
        null,
        null,
        null,
        null,
        null,
        null,
        1,
        null,
        null,
        null,
        null,
        null,
        null,
        null,
        null,
        null,
        1,
        null,
        null,
        null,
        null,
        null,
        null,
        null,
        null,
        null,
        null,
        1,
        null,
        null,
        null,
        null,
        null,
        null,
        null,
        1,
        null,
        null,
        null,
        null,
        null,
        null,
        null,
        1,
        null,
        null,
        null,
        null,
        null,
        null,
        null,
        null,
        null,
        null,
        null,
        1,
        null,
        null,
        null,
        null,
        null,
        null,
        null,
        1,
        null,
        null,
        null,
        null,
        null,
        null,
        null,
        null,
        null,
        1,
        null,
        null,
        null,
        null,
        null,
        null,
        null,
        null,
        null,
        null,
        1,
        null,
        null,
        null,
        null,
        null,
        null,
        null,
        null,
        null,
        1,
        null,
        null,
        null,
        null,
        null,
        null,
        null,
        null,
        null,
        1,
        null,
        null,
        null,
        null,
        null,
        null,
        null,
        null,
        null,
        null,
        null,
        1,
        null,
        null,
        null,
        null,
        null,
        null,
        null,
        null,
        1,
        null,
        null,
        null,
        null,
        null,
        null,
        null,
        null,
        null,
        null
      ],
      "/Users/hammads/Source/medijean/src/mjc/db/seeds/medicines.rb": [
        1,
        null,
        1,
        null,
        1,
        null,
        1,
        null,
        1,
        null,
        null,
        1,
        0,
        0,
        null,
        0,
        null,
        0,
        0,
        null,
        null
      ],
      "/Users/hammads/Source/medijean/src/mjc/lib/payments/payment_provider.rb": [
        null,
        1,
        1,
        null,
        null,
        null,
        null,
        null,
        null,
        null,
        null,
        null,
        null,
        1,
        9,
        9,
        7,
        7,
        null,
        0,
        null,
        2,
        2,
        null,
        null,
        null,
        null,
        null,
        null,
        null,
        null,
        1,
        5,
        5,
        5,
        3,
        3,
        null,
        0,
        null,
        2,
        2,
        null,
        null,
        null,
        null,
        null,
        null,
        null,
        null,
        null,
        null,
        null,
        null,
        1,
        4,
        4,
        2,
        2,
        null,
        0,
        null,
        2,
        2,
        null,
        null,
        null,
        null,
        null,
        null,
        null,
        null,
        1,
        7,
        7,
        7,
        5,
        5,
        null,
        0,
        null,
        2,
        2,
        null,
        null,
        null,
        null,
        null,
        null,
        null,
        null,
        null,
        1,
        6,
        6,
        4,
        2,
        2,
        null,
        null,
        null,
        null,
        null,
        null,
        null,
        null,
        1,
        1,
        1,
        1,
        0,
        0,
        null,
        null,
        null,
        null,
        null,
        null,
        null,
        null,
        1,
        6,
        6,
        6,
        4,
        2,
        2,
        null,
        null,
        null,
        null,
        null,
        null,
        null,
        null,
        null,
        1,
        2,
        2,
        2,
        2,
        2,
        2,
        0,
        0,
        null,
        null,
        null,
        null,
        null,
        null,
        null,
        null,
        1,
        8,
        8,
        3,
        3,
        5,
        5,
        null,
        null,
        null,
        null,
        null,
        null,
        null,
        null,
        null,
        null,
        null,
        null,
        1,
        6,
        6,
        6,
        6,
        6,
        6,
        6,
        6,
        6,
        6,
        5,
        1,
        0,
        null,
        null,
        null
      ],
      "/Users/hammads/Source/medijean/src/mjc/lib/payments/payment_response.rb": [
        null,
        1,
        null,
        1,
        null,
        null,
        null,
        null,
        null,
        null,
        null,
        null,
        null,
        1,
        53,
        53,
        null,
        null,
        null,
        1,
        17,
        null,
        null
      ]
    },
    "timestamp": 1377889215
  }
}
